.====================================================================.
                                                                      
 .d8888b.   .o8888b.   db  .d8888b.  d8888b. d88888b d8888b.  .d888b. 
.8P    Y8. d8P    Y8   88 .8P    Y8. 88  `8D 88'     88  `8D .8P , Y8.
88      88 8P      oooo88 88      88 88oooY' 88oooo  88oobY' 88  |  88
88      88 8b      ~~~~88 88      88 88~~~b. 88~~~~  88`8b   88  |/ 88
`8b    d8' Y8b    d8   88 `8b    d8' 88   8D 88.     88 `88. `8b | d8'
 `Y8888P'   `Y8888P'   YP  `Y8888P'  Y8888P' Y88888P 88   YD  `Y888P' 
                                                                      
`========================== INSTALLATION LOG ========================'

[2017/01/03 10:35:44] Host: Linux root.example.com 3.16.0-4-amd64 #1 SMP Debian 3.16.36-1+deb8u2 (2016-10-19) x86_64
[2017/01/03 10:35:44] PHP version: 5.6.29-0+deb8u1
[2017/01/03 10:35:44] Server software: Apache/2.4.10 (Debian) mod_fcgid/2.3.9 OpenSSL/1.0.1t
[2017/01/03 10:35:44] Operating system: Linux
[2017/01/03 10:35:44] Memory limit: 128M
[2017/01/03 10:35:44] Max execution time: 3600
.============================ POST REQUEST ==========================.
[2017/01/03 10:35:44] Postback payload: Array
(
    [code] => phpVersion
    [handler] => onCheckRequirement
)

[2017/01/03 10:35:44] System check: phpVersion
[2017/01/03 10:35:44] Requirement phpVersion +OK
[2017/01/03 10:35:44] Execute handler (onCheckRequirement): Array
(
    [result] => 1
)

.============================ POST REQUEST ==========================.
[2017/01/03 10:35:45] Postback payload: Array
(
    [code] => curlLibrary
    [handler] => onCheckRequirement
)

[2017/01/03 10:35:45] System check: curlLibrary
[2017/01/03 10:35:45] Requirement curlLibrary +OK
[2017/01/03 10:35:45] Execute handler (onCheckRequirement): Array
(
    [result] => 1
)

.============================ POST REQUEST ==========================.
[2017/01/03 10:35:45] Postback payload: Array
(
    [code] => liveConnection
    [handler] => onCheckRequirement
)

[2017/01/03 10:35:45] System check: liveConnection
[2017/01/03 10:35:46] Server request: ping
[2017/01/03 10:35:46] Request information: Array
(
    [url] => http://octobercms.com/api/ping
    [content_type] => application/json
    [http_code] => 200
    [header_size] => 771
    [request_size] => 171
    [filetime] => -1
    [ssl_verify_result] => 0
    [redirect_count] => 0
    [total_time] => 0.709531
    [namelookup_time] => 0.253069
    [connect_time] => 0.287514
    [pretransfer_time] => 0.287551
    [size_upload] => 40
    [size_download] => 14
    [speed_download] => 19
    [speed_upload] => 56
    [download_content_length] => 14
    [upload_content_length] => 40
    [starttransfer_time] => 0.709493
    [redirect_time] => 0
    [redirect_url] => 
    [primary_ip] => 104.24.112.12
    [certinfo] => Array
        (
        )

    [primary_port] => 80
    [local_ip] => 192.168.30.190
    [local_port] => 33449
)

[2017/01/03 10:35:46] Requirement liveConnection +OK
[2017/01/03 10:35:46] Execute handler (onCheckRequirement): Array
(
    [result] => 1
)

.============================ POST REQUEST ==========================.
[2017/01/03 10:35:46] Postback payload: Array
(
    [code] => writePermission
    [handler] => onCheckRequirement
)

[2017/01/03 10:35:46] System check: writePermission
[2017/01/03 10:35:46] Requirement writePermission +OK
[2017/01/03 10:35:46] Execute handler (onCheckRequirement): Array
(
    [result] => 1
)

.============================ POST REQUEST ==========================.
[2017/01/03 10:35:47] Postback payload: Array
(
    [code] => pdoLibrary
    [handler] => onCheckRequirement
)

[2017/01/03 10:35:47] System check: pdoLibrary
[2017/01/03 10:35:47] Requirement pdoLibrary +OK
[2017/01/03 10:35:47] Execute handler (onCheckRequirement): Array
(
    [result] => 1
)

.============================ POST REQUEST ==========================.
[2017/01/03 10:35:48] Postback payload: Array
(
    [code] => mbstringLibrary
    [handler] => onCheckRequirement
)

[2017/01/03 10:35:48] System check: mbstringLibrary
[2017/01/03 10:35:48] Requirement mbstringLibrary +OK
[2017/01/03 10:35:48] Execute handler (onCheckRequirement): Array
(
    [result] => 1
)

.============================ POST REQUEST ==========================.
[2017/01/03 10:35:48] Postback payload: Array
(
    [code] => sslLibrary
    [handler] => onCheckRequirement
)

[2017/01/03 10:35:48] System check: sslLibrary
[2017/01/03 10:35:48] Requirement sslLibrary +OK
[2017/01/03 10:35:48] Execute handler (onCheckRequirement): Array
(
    [result] => 1
)

.============================ POST REQUEST ==========================.
[2017/01/03 10:35:49] Postback payload: Array
(
    [code] => zipLibrary
    [handler] => onCheckRequirement
)

[2017/01/03 10:35:49] System check: zipLibrary
[2017/01/03 10:35:49] Requirement zipLibrary +OK
[2017/01/03 10:35:49] Execute handler (onCheckRequirement): Array
(
    [result] => 1
)

.============================ POST REQUEST ==========================.
[2017/01/03 10:35:49] Postback payload: Array
(
    [code] => gdLibrary
    [handler] => onCheckRequirement
)

[2017/01/03 10:35:49] System check: gdLibrary
[2017/01/03 10:35:49] Requirement gdLibrary +OK
[2017/01/03 10:35:49] Execute handler (onCheckRequirement): Array
(
    [result] => 1
)

